2021-12-06 13:02:43 0 [Note] InnoDB: Mutexes and rw_locks use Windows interlocked functions
2021-12-06 13:02:43 0 [Note] InnoDB: Uses event mutexes
2021-12-06 13:02:43 0 [Note] InnoDB: Compressed tables use zlib 1.2.11
2021-12-06 13:02:43 0 [Note] InnoDB: Number of pools: 1
2021-12-06 13:02:43 0 [Note] InnoDB: Using SSE2 crc32 instructions
2021-12-06 13:02:43 0 [Note] InnoDB: Initializing buffer pool, total size = 16M, instances = 1, chunk size = 16M
2021-12-06 13:02:43 0 [Note] InnoDB: Completed initialization of buffer pool
2021-12-06 13:02:44 0 [Note] InnoDB: Starting crash recovery from checkpoint LSN=300288
2021-12-06 13:02:45 0 [Note] InnoDB: 128 out of 128 rollback segments are active.
2021-12-06 13:02:45 0 [Note] InnoDB: Removed temporary tablespace data file: "ibtmp1"
2021-12-06 13:02:45 0 [Note] InnoDB: Creating shared tablespace for temporary tables
2021-12-06 13:02:45 0 [Note] InnoDB: Setting file 'E:\Somethings to learn\Assignment FGW\SDLC\xampp\xampp\mysql\data\ibtmp1' size to 12 MB. Physically writing the file full; Please wait ...
2021-12-06 13:02:45 0 [Note] InnoDB: File 'E:\Somethings to learn\Assignment FGW\SDLC\xampp\xampp\mysql\data\ibtmp1' size is now 12 MB.
2021-12-06 13:02:45 0 [Note] InnoDB: Waiting for purge to start
2021-12-06 13:02:45 0 [Note] InnoDB: 10.4.22 started; log sequence number 300297; transaction id 170
2021-12-06 13:02:45 0 [Note] InnoDB: Loading buffer pool(s) from E:\Somethings to learn\Assignment FGW\SDLC\xampp\xampp\mysql\data\ib_buffer_pool
2021-12-06 13:02:45 0 [Note] Plugin 'FEEDBACK' is disabled.
2021-12-06 13:02:45 0 [Note] InnoDB: Buffer pool(s) load completed at 211206 13:02:45
2021-12-06 13:02:45 0 [Note] Server socket created on IP: '::'.
2021-12-07  0:39:43 0 [Note] InnoDB: Mutexes and rw_locks use Windows interlocked functions
2021-12-07  0:39:43 0 [Note] InnoDB: Uses event mutexes
2021-12-07  0:39:43 0 [Note] InnoDB: Compressed tables use zlib 1.2.11
2021-12-07  0:39:43 0 [Note] InnoDB: Number of pools: 1
2021-12-07  0:39:43 0 [Note] InnoDB: Using SSE2 crc32 instructions
2021-12-07  0:39:43 0 [Note] InnoDB: Initializing buffer pool, total size = 16M, instances = 1, chunk size = 16M
2021-12-07  0:39:43 0 [Note] InnoDB: Completed initialization of buffer pool
2021-12-07  0:39:43 0 [Note] InnoDB: Starting crash recovery from checkpoint LSN=689873
2021-12-07  0:39:43 0 [Note] InnoDB: 128 out of 128 rollback segments are active.
2021-12-07  0:39:43 0 [Note] InnoDB: Removed temporary tablespace data file: "ibtmp1"
2021-12-07  0:39:43 0 [Note] InnoDB: Creating shared tablespace for temporary tables
2021-12-07  0:39:43 0 [Note] InnoDB: Setting file 'E:\Somethings to learn\Assignment FGW\SDLC\xampp\xampp\mysql\data\ibtmp1' size to 12 MB. Physically writing the file full; Please wait ...
2021-12-07  0:39:43 0 [Note] InnoDB: File 'E:\Somethings to learn\Assignment FGW\SDLC\xampp\xampp\mysql\data\ibtmp1' size is now 12 MB.
2021-12-07  0:39:43 0 [Note] InnoDB: Waiting for purge to start
2021-12-07  0:39:43 0 [Note] InnoDB: 10.4.22 started; log sequence number 689882; transaction id 425
2021-12-07  0:39:43 0 [Note] InnoDB: Loading buffer pool(s) from E:\Somethings to learn\Assignment FGW\SDLC\xampp\xampp\mysql\data\ib_buffer_pool
2021-12-07  0:39:43 0 [Note] Plugin 'FEEDBACK' is disabled.
2021-12-07  0:39:44 0 [Note] Server socket created on IP: '::'.
2021-12-08 22:09:30 0 [Note] InnoDB: Mutexes and rw_locks use Windows interlocked functions
2021-12-08 22:09:30 0 [Note] InnoDB: Uses event mutexes
2021-12-08 22:09:30 0 [Note] InnoDB: Compressed tables use zlib 1.2.11
2021-12-08 22:09:30 0 [Note] InnoDB: Number of pools: 1
2021-12-08 22:09:30 0 [Note] InnoDB: Using SSE2 crc32 instructions
2021-12-08 22:09:30 0 [Note] InnoDB: Initializing buffer pool, total size = 16M, instances = 1, chunk size = 16M
2021-12-08 22:09:30 0 [Note] InnoDB: Completed initialization of buffer pool
2021-12-08 22:09:31 0 [Note] InnoDB: Starting crash recovery from checkpoint LSN=689891
2021-12-08 22:09:32 0 [Note] InnoDB: 128 out of 128 rollback segments are active.
2021-12-08 22:09:32 0 [Note] InnoDB: Removed temporary tablespace data file: "ibtmp1"
2021-12-08 22:09:32 0 [Note] InnoDB: Creating shared tablespace for temporary tables
2021-12-08 22:09:32 0 [Note] InnoDB: Setting file 'E:\Somethings to learn\Assignment FGW\SDLC\xampp\xampp\mysql\data\ibtmp1' size to 12 MB. Physically writing the file full; Please wait ...
2021-12-08 22:09:32 0 [Note] InnoDB: File 'E:\Somethings to learn\Assignment FGW\SDLC\xampp\xampp\mysql\data\ibtmp1' size is now 12 MB.
2021-12-08 22:09:32 0 [Note] InnoDB: Waiting for purge to start
2021-12-08 22:09:32 0 [Note] InnoDB: 10.4.22 started; log sequence number 689900; transaction id 425
2021-12-08 22:09:32 0 [Note] InnoDB: Loading buffer pool(s) from E:\Somethings to learn\Assignment FGW\SDLC\xampp\xampp\mysql\data\ib_buffer_pool
2021-12-08 22:09:32 0 [Note] Plugin 'FEEDBACK' is disabled.
2021-12-08 22:09:32 0 [Note] Server socket created on IP: '::'.
2021-12-11  2:27:21 0 [Note] InnoDB: Mutexes and rw_locks use Windows interlocked functions
2021-12-11  2:27:21 0 [Note] InnoDB: Uses event mutexes
2021-12-11  2:27:21 0 [Note] InnoDB: Compressed tables use zlib 1.2.11
2021-12-11  2:27:21 0 [Note] InnoDB: Number of pools: 1
2021-12-11  2:27:21 0 [Note] InnoDB: Using SSE2 crc32 instructions
2021-12-11  2:27:21 0 [Note] InnoDB: Initializing buffer pool, total size = 16M, instances = 1, chunk size = 16M
2021-12-11  2:27:21 0 [Note] InnoDB: Completed initialization of buffer pool
2021-12-11  2:27:21 0 [Note] InnoDB: Starting crash recovery from checkpoint LSN=689909
2021-12-11  2:27:22 0 [Note] InnoDB: 128 out of 128 rollback segments are active.
2021-12-11  2:27:22 0 [Note] InnoDB: Removed temporary tablespace data file: "ibtmp1"
2021-12-11  2:27:22 0 [Note] InnoDB: Creating shared tablespace for temporary tables
2021-12-11  2:27:22 0 [Note] InnoDB: Setting file 'E:\Somethings to learn\Assignment FGW\SDLC\xampp\xampp\mysql\data\ibtmp1' size to 12 MB. Physically writing the file full; Please wait ...
2021-12-11  2:27:22 0 [Note] InnoDB: File 'E:\Somethings to learn\Assignment FGW\SDLC\xampp\xampp\mysql\data\ibtmp1' size is now 12 MB.
2021-12-11  2:27:22 0 [Note] InnoDB: Waiting for purge to start
2021-12-11  2:27:22 0 [Note] InnoDB: 10.4.22 started; log sequence number 689918; transaction id 425
2021-12-11  2:27:22 0 [Note] InnoDB: Loading buffer pool(s) from E:\Somethings to learn\Assignment FGW\SDLC\xampp\xampp\mysql\data\ib_buffer_pool
2021-12-11  2:27:22 0 [Note] Plugin 'FEEDBACK' is disabled.
2021-12-11  2:27:22 0 [Note] Server socket created on IP: '::'.
2021-12-11  2:34:12 0 [Note] InnoDB: Mutexes and rw_locks use Windows interlocked functions
2021-12-11  2:34:12 0 [Note] InnoDB: Uses event mutexes
2021-12-11  2:34:12 0 [Note] InnoDB: Compressed tables use zlib 1.2.11
2021-12-11  2:34:12 0 [Note] InnoDB: Number of pools: 1
2021-12-11  2:34:12 0 [Note] InnoDB: Using SSE2 crc32 instructions
2021-12-11  2:34:12 0 [Note] InnoDB: Initializing buffer pool, total size = 16M, instances = 1, chunk size = 16M
2021-12-11  2:34:12 0 [Note] InnoDB: Completed initialization of buffer pool
2021-12-11  2:34:12 0 [Note] InnoDB: Starting crash recovery from checkpoint LSN=689927
2021-12-11  2:34:12 0 [Note] InnoDB: 128 out of 128 rollback segments are active.
2021-12-11  2:34:12 0 [Note] InnoDB: Removed temporary tablespace data file: "ibtmp1"
2021-12-11  2:34:12 0 [Note] InnoDB: Creating shared tablespace for temporary tables
2021-12-11  2:34:12 0 [Note] InnoDB: Setting file 'E:\Somethings to learn\Assignment FGW\SDLC\xampp\xampp\mysql\data\ibtmp1' size to 12 MB. Physically writing the file full; Please wait ...
2021-12-11  2:34:12 0 [Note] InnoDB: File 'E:\Somethings to learn\Assignment FGW\SDLC\xampp\xampp\mysql\data\ibtmp1' size is now 12 MB.
2021-12-11  2:34:12 0 [Note] InnoDB: Waiting for purge to start
2021-12-11  2:34:12 0 [Note] InnoDB: 10.4.22 started; log sequence number 689936; transaction id 425
2021-12-11  2:34:12 0 [Note] InnoDB: Loading buffer pool(s) from E:\Somethings to learn\Assignment FGW\SDLC\xampp\xampp\mysql\data\ib_buffer_pool
2021-12-11  2:34:12 0 [Note] Plugin 'FEEDBACK' is disabled.
2021-12-11  2:34:12 0 [Note] Server socket created on IP: '::'.
2021-12-11  2:35:03 0 [Note] InnoDB: Mutexes and rw_locks use Windows interlocked functions
2021-12-11  2:35:03 0 [Note] InnoDB: Uses event mutexes
2021-12-11  2:35:03 0 [Note] InnoDB: Compressed tables use zlib 1.2.11
2021-12-11  2:35:03 0 [Note] InnoDB: Number of pools: 1
2021-12-11  2:35:03 0 [Note] InnoDB: Using SSE2 crc32 instructions
2021-12-11  2:35:03 0 [Note] InnoDB: Initializing buffer pool, total size = 16M, instances = 1, chunk size = 16M
2021-12-11  2:35:03 0 [Note] InnoDB: Completed initialization of buffer pool
2021-12-11  2:35:03 0 [Note] InnoDB: Starting crash recovery from checkpoint LSN=689945
2021-12-11  2:35:03 0 [Note] InnoDB: 128 out of 128 rollback segments are active.
2021-12-11  2:35:03 0 [Note] InnoDB: Removed temporary tablespace data file: "ibtmp1"
2021-12-11  2:35:03 0 [Note] InnoDB: Creating shared tablespace for temporary tables
2021-12-11  2:35:03 0 [Note] InnoDB: Setting file 'E:\Somethings to learn\Assignment FGW\SDLC\xampp\xampp\mysql\data\ibtmp1' size to 12 MB. Physically writing the file full; Please wait ...
2021-12-11  2:35:03 0 [Note] InnoDB: File 'E:\Somethings to learn\Assignment FGW\SDLC\xampp\xampp\mysql\data\ibtmp1' size is now 12 MB.
2021-12-11  2:35:03 0 [Note] InnoDB: Waiting for purge to start
2021-12-11  2:35:03 0 [Note] InnoDB: 10.4.22 started; log sequence number 689954; transaction id 425
2021-12-11  2:35:03 0 [Note] InnoDB: Loading buffer pool(s) from E:\Somethings to learn\Assignment FGW\SDLC\xampp\xampp\mysql\data\ib_buffer_pool
2021-12-11  2:35:03 0 [Note] Plugin 'FEEDBACK' is disabled.
2021-12-11  2:35:03 0 [Note] Server socket created on IP: '::'.
